[    0.000000] Initializing cgroup subsys cpuset
[  000000] Initiaizing cgroup subsys cpu
[    0.000000] Initializing cgroup subsys cpuacct
[    0.000000] Linux version 4.4.0-78-generic (buildd@lgw01-11) (gcc version 5.4.0 20160609 (Ubuntu 5.4.0-6ubuntu1~16.04.4) ) #99-Ubuntu SMP Thu Apr 27 15:29:09 UTC 2017 (Ubuntu 4.4.0-78.99-generic 4.4.62)
[    0.000000] Command line: BOOT_IMAGE=/boot/vmlinuz-4.4.0-78-generic root=LABEL=cloudimg-rootfs ro console=tty1 console=ttyS0
[    0.000000] KERNEL supported cpus:
[    0.000000]   Intel GenuineIntel
[    0.000000]   AMD AuthenticAMD
[    0.000000]   Centaur CentaurHauls
[    0.000000] x86/fpu: xstate_offset[2]:  576, xstate_sizes[2]:  256
[    0.000000] x86/fpu: Supporting XSAVE feature 0x01: 'x87 floating point registers'
[    0.000000] x86/fpu: Supporting XSAVE feature 0x02: 'SSE registers'
[    0.00000] x86pu Suprtg XSAVE feure 04'AVX registes'
[    0.000000] x86/fpu: Enabled xstate features 0x7, context size is 832 bytes, using 'standard' format.
[    0.000000] x86/fpu: Using 'lazy' FPU context switches.
[    0.000000] e820: BIOS-provided physical RAM ap
[   0.000000] OS-e0:mem 0x000000000000000-0x000000000009bff] usabl
[    0.000000] BIOS-e820: [mem 0x0000000009f000x00000009ffreserved
[    0.000000] BIOSe8: [mem x00000000f00-x0000000ffff]esrv
   0.0000 BOS-e820:me 0x000000010000-0x00000000feffff] sae
[    0.00000BIOS-e820: em0x000000ff0000-0x000000ffffff] AC dta
[  00000] OSe820:[m 000000000fffc000-0x00000000ffff] reserved
[    0.000000] NX (Execute Disable) protection: active
[    0.000000] SMBIOS 2.5 present.
[    0.000000] Hypervisor detected: KVM
[    0.000000] e820: last_pfn = 0x7fff0 max_arch_pfn = 0x400000000
[    0.000000] MTRR: Disabled
[    0.000000] x86/PAT: MTRRs disabled, skipping PAT initialization too.
[    0.000000] x86/PAT: Configuration [0-7]: WB  WT  UC- UC  WB  WT  UC- UC  
[    0.0000] CPU MTRRsalblnk -viuaized syte
    0.000] found SM M-tblet em 0x0009fff-000ffff]mapped at [ffff8800009fff0]
[   00000]caning 1 areas forlo memory corupion
[    0.000] RAIS: mem 0x36af000x7570fff]
[   0.00000] ACPI: Early table cecsum vefition dibld
[    0000] ACPI RP 0x00000000 000024 (v VOX  
[   0.0000ACPIXS 0x00000000FF03 00003C v0VBOX   VBOXXSD 0000000 A  000061
[   0.0000]CPI: FACP 0x0000000FF0F0 0004 04 VBOX   VXFAC000001 ASL  000061)   0.00000]CP: DSDT 0x000000007FF04 00218 v01 VBOX   VBOXBS 0000002IN 20101)
[    0.00000ACI:FA 00000007F0200 000
[   0.000]CP FACSx0000007FF00 00004
   00000] ACPI: AIC0x0000007FF0400000 (2 VBOX  OXAPIC 00000001 ASL  00000061)
[    0.000000] ACPI: SSDT 0x000000007FFF02A0 0001CC (v01 VBOX   VBOXCPUT 00000002 INTL 20160108)
[    0.000000] No NUMA configuration found
[    0.000000] Faking a node at [mem 0x0000000000000000-0x000000007ffeffff]
[    0.000000] NODE_DATA(0) allocated [mem 0x7ffeb000-0x7ffeffff]
[    0.000000] kvm-clock: Using msrs 4b564d01 andb54d00
[   0.000] kvm-lo: pu 0, ms 0ffe300, imry cpu lo
[    0.000] kvm-oc: using scedofset of 9428968cyes
[    0.00000clocsoce kvm-clock: mk:0xffffffffffffff max_cyle: 0xd44dffb,maide_ns8890591483 n
[    .000000] Ze ranges:
[   0.000000]   DMA      [mem 0x0000000000001000-0x0000000000ffffff]
[    0.000000]   DMA32    [mem 0x000000001000-0x00007ffeffff]
[   00000]   Normal  empty
[   00000] Dvice  emy
[   .0000] Movblzoe arfor eacno
[    0.000000] Early memory node ranges
[    0.000000]   node   0: [mem 0x0000000000001000-0x000000000009efff]
[    0.000000]  ne   0: [mem 0x000000010000-0x00000000fefff]
[    0.0000] Itm set ne 0 [mem 0x000000010-0x000000007fffff]
[   00000]CP PM-meIO Port: 0008   0.00000IOPIC[0]:pi_id 2, version 17, adrs xfec00000,GS 0-23
[   .000000] ACPI: INT_SRC_OVR(bus 0 us_irq 0 gba_irq 2 dfl fl)
  0.00000] ACPIIN_SRC_OVR (bus 0 bus_ir 9lobair9 high lev)
[    00000 Usig PI(MAD) r MP cofiraion information
[    0.000] smpboot: Alowing 2 CPU, 0 tpg CPUs
[    0.000000PMRegistrenoave meor [mem x00000-0x00000ff
[    0.000] PM: Registered nsave memory:[mm 0x0009000x00ff]
[   00000] P: gitered nose emor [m 0x0a00-0x000effff]
[    0.00] PM: Reisred noveemory: [mem 0x000f0000-0x000fffff]
[   0.0000] 20: emx80000000-0xffbffff]avlale forPCdeic
   0.00000Boting arirualized erl onKV
[   0.000000]losource: refinedjiffies: mak:0xfffff ax_cycles:xffffffff m_idle_ns 755960211568 ns
[    0.000000]etup_peru:R_CPUS:512r_cpasbits:512 nr_cpids:nrode_ids:1
[    0.000000] PERCPU: Embedd 3pages/u fff8800c0000 82 r8192 d28712 u1048576
[   0.000000] PV qspinlock hash table eri: 256 (order: 0,09bytes)
[    0.000000] Built 1 zonelists in Node order, mobility grouping on.  Total ges: 515961
[    0000] Policy zone: DMA3
[  0.0000Kern cmand line:OOT_AG/boot/liz-4.4.-7generiro=LABEL=cloudimgootfro cnsolett cnsoltt0
[   00000] PD sh tlentries: 4096 (order: 3, 32768 bytes)
[   .0000] Mmoy:034024K/09696K available (8469K kernel code, 1294K rwdata, 3984K rodata, 1484K init, 1316K bss, 62672K reserved, 0K cma-reserved)
[    0.000000] SLUB: HWalign=64, Order=0-3, MnOecs=0, CUs, Nodes=1
[   0.00] HierachalRCU impemtation.   0.000000] 	Build-time adjustment of leaf fanout to 64.
[    0.000000] 	RCU restricting CPUs from NR_CPUS=512 to nr_cpu_ids=2.
[    0.000000] RCU: Adjusting geometry for rcu_fanout_leaf=64, nr_cpu_ids=2
[    0.000000] NR_IRQS:33024 nr_irqs:440 16
[    0.000000] Console: colour VGA+ 80x25
[    0.000000] console [tty1] enabled
[    0.000000] console [ttyS0] enabled
[    0.000000] tsc: Detected 1795.842 MHz processor
[   14.954314] Calibrating delay loop (skipped) preset value.. 3591.68 BogoMIPS (lpj=7183368)
[   15.069268] pid_max: default: 32768 minimum: 301
[   15.079560] ACPI: Core revision 20150930
[   15.082032] ACPI: 2 ACPI AML tables successfully acquired and loaded
[   15.169235] Security Framework initialized
[   15.225751] Yama: becoming mindful.
[   15.259233] AppArmor: AppArmor initialized
[   15.260890] Dentry cache hash table entries: 262144 (order: 9, 2097152 bytes)
[   15.339812] Inode-cache hash table entries: 131072 (order: 8, 1048576 bytes)
[   15.466636] Mount-cache hash table entries: 4096 (order: 3, 32768 bytes)
[   15.582294] Mountpoint-cache hash table entries: 4096 (order: 3, 32768 bytes)
[   15.698773] Initializing cgroup subsys io
[   15.749980] Initializing cgroup subsys memory
[   15.810066] Initializing cgroup subsys devices
[   15.878921] Initializing cgroup subsys freezer
[   15.948954] Initializing cgroup subsys net_cls
[   15.963571] Initializing cgroup subsys perf_event
[   16.031532] Initializing cgroup subsys net_prio
[   16.062725] Initializing cgroup subsys hugetlb
[   16.111225] Initializing cgroup subsys pids
[   16.159064] CPU: Physical Processor ID: 0
[   16.227432] CPU: Processor Core ID: 0
[   16.271453] mce: CPU supports 0 MCE banks
[   16.331382] Last level iTLB entries: 4KB 1024, 2MB 1024, 4MB 1024
[   16.379261] Last level dTLB entries: 4KB 1024, 2MB 1024, 4MB 1024, 1GB 4
[   16.507666] Freeing SMP alternatives memory: 32K (ffffffff820b8000 - ffffffff820c0000)
[   16.661250] ftrace: allocating 32120 entries in 126 pages
[   16.796019] smpboot: APIC(0) Converting physical 0 to logical package 0
[   16.939190] smpboot: Max logical packages: 1
[   17.008805] ..TIMER: vector=0x30 apic1=0 pin1=2 apic2=-1 pin2=-1
[   17.257519] smpboot: CPU0: Intel(R) Core(TM) i7-4500U CPU @ 1.80GHz (family: 0x6, model: 0x45, stepping: 0x1)
[   17.466905] Performance Events: unsupported p6 CPU model 69 no PMU driver, software events only.
[   17.599494] KVM setup paravirtual spinlock
[   17.626585] x86: Booting SMP configuration:
[   17.639308] .... node  #0, CPUs:      #1
[   17.640299] kvm-clock: cpu 1, msr 0:7ffe3041, secondary cpu clock
[   17.641951] mce: CPU supports 0 MCE banks
[   17.644371] x86: Booted up 1 node, 2 CPUs
[   17.656038] smpboot: Total of 2 processors activated (7183.36 BogoMIPS)
[   17.657707] devtmpfs: initialized
[   17.672823] evm: security.selinux
[   17.685479] evm: security.SMACK64
[   17.745004] evm: security.SMACK64EXEC
[   17.785021] evm: security.SMACK64TRANSMUTE
[   17.806345] evm: security.SMACK64MMAP
[   17.807336] evm: security.ima
[   17.821951] evm: security.capability
[   17.901830] clocksource: jiffies: mask: 0xffffffff max_cycles: 0xffffffff, max_idle_ns: 7645041785100000 ns
[   18.139366] futex hash table entries: 512 (order: 3, 32768 bytes)
[   18.226862] pinctrl core: initialized pinctrl subsystem
[   18.330043] RTC time: 17:03:40, date: 05/25/17
[   18.433096] NET: Registered protocol family 16
[   18.527825] cpuidle: using governor ladder
[   18.613913] cpuidle: using governor menu
[   18.687608] PCCT header not found.
[   18.722246] ACPI: bus type PCI registered
[   18.778552] acpiphp: ACPI Hot Plug PCI Controller Driver version: 0.5
[   18.935858] PCI: Using configuration type 1 for base access
[   19.071061] ACPI: Added _OSI(Module Device)
[   19.140371] ACPI: Added _OSI(Processor Device)
[   19.199058] ACPI: Added _OSI(3.0 _SCP Extensions)
[   19.290778] ACPI: Added _OSI(Processor Aggregator Device)
[   19.373393] ACPI: Executed 1 blocks of module-level executable AML code
[   19.430461] ACPI: Interpreter enabled
[   19.490211] ACPI: (supports S0 S5)
[   19.564986] ACPI: Using IOAPIC for interrupt routing
[   19.636421] PCI: Using host bridge windows from ACPI; if necessary, use "pci=nocrs" and report a bug
[   19.779451] ACPI: PCI Root Bridge [PCI0] (domain 0000 [bus 00-ff])
[   19.880694] acpi PNP0A03:00: _OSC: OS supports [ASPM ClockPM Segments MSI]
[   19.978321] acpi PNP0A03:00: _OSC failed (AE_NOT_FOUND); disabling ASPM
[   20.086301] acpi PNP0A03:00: fail to add MMCONFIG information, can't access extended PCI configuration space under this bridge.
[   20.253165] PCI host bridge to bus 0000:00
[   20.271357] pci_bus 0000:00: root bus resource [io  0x0000-0x0cf7 window]
[   20.362162] pci_bus 0000:00: root bus resource [io  0x0d00-0xffff window]
[   20.496404] pci_bus 0000:00: root bus resource [mem 0x000a0000-0x000bffff window]
[   20.649391] pci_bus 0000:00: root bus resource [mem 0x80000000-0xffdfffff window]
[   20.790386] pci_bus 0000:00: root bus resource [bus 00-ff]
[   20.884795] pci 0000:00:01.1: legacy IDE quirk: reg 0x10: [io  0x01f0-0x01f7]
[   20.953399] pci 0000:00:01.1: legacy IDE quirk: reg 0x14: [io  0x03f6]
[   21.018366] pci 0000:00:01.1: legacy IDE quirk: reg 0x18: [io  0x0170-0x0177]
[   21.151616] pci 0000:00:01.1: legacy IDE quirk: reg 0x1c: [io  0x0376]
[   21.358090] ACPI: PCI Interrupt Link [LNKA] (IRQs 5 9 10 11) *0, disabled.
[   21.441174] ACPI: PCI Interrupt Link [LNKB] (IRQs 5 9 10 *11)
[   21.511486] ACPI: PCI Interrupt Link [LNKC] (IRQs 5 9 *10 11)
[   21.637404] ACPI: PCI Interrupt Link [LNKD] (IRQs 5 *9 10 11)
[   21.639490] ACPI: Enabled 2 GPEs in block 00 to 07
[   21.641129] vgaarb: setting as boot device: PCI:0000:00:02.0
[   21.674777] vgaarb: device added: PCI:0000:00:02.0,decodes=io+mem,owns=io+mem,locks=none
[   21.685945] vgaarb: loaded
[   21.710692] vgaarb: bridge control possible 0000:00:02.0
[   21.719231] SCSI subsystem initialized
[   21.782477] ACPI: bus type USB registered
[   21.829119] usbcore: registered new interface driver usbfs
[   21.910290] usbcore: registered new interface driver hub
[   21.939135] usbcore: registered new device driver usb
[   21.942760] PCI: Using ACPI for IRQ routing
[   21.947635] NetLabel: Initializing
[   21.967137] NetLabel:  domain hash size = 128
[   21.969608] NetLabel:  protocols = UNLABELED CIPSOv4
[   21.970889] NetLabel:  unlabeled traffic allowed by default
[   22.042691] amd_nb: Cannot enumerate AMD northbridges
[   22.055033] clocksource: Switched to clocksource kvm-clock
[   22.062562] AppArmor: AppArmor Filesystem Enabled
[ 22308]npPnAC it  2.10] p:nPAC: un3 evices

[   23.049005] clocksource  acpi_pm: mask: 0xffffff max_cycles: 0xffffff, max_idle_ns: 2085701024 ns
[   23.609477] NET: Registered protocol famll  2
[   23.849284] TCP established hash table entries: 16384 (order: 5, 131072 bytes)
[   24.039420] TCP bind hash table entries: 16384((rrder: 6, 262144 bytes)
[   24.419193] TCP: Hash tables configured (established 16384 bind 16384)
[   24.769217] UDP hash table entries: 122  (ordrr  3, 32768 bytes)
[   25.149481] UDP-Lite hash table entries: 1024 (order: 3, 32768 bytes)
[   25.179737] NET: Registered protocol family 1
[   25.273391] pci 0000:00:00.0: Limiting direct PCI/PCI transfers
[   25.289863] pci 0000:00:01.0: Activating ISA DMA hang workarounds
[   25.299327] Unpacking initramfs...
[   26.985666] Freeing initrd memory: 10748K (ffff880036af2000 - ffff880037571000)
[   27.050232] RAPL PMU detected, API unit is 2^-32 Joules, 4 fixed counters 10737418240 ms ovfl timer
[   27.069737] hw unit of domain pp0-core 2^-0 Joules
[   27.079717] hw unit of domain package 2^-0 Joules
[   77.119650] hw unit of domain dram 2^-0 Joules
[   27.169607] hw unit of domain pp1-gpu 2^-0 Joules
[   27.179815] platform rtc_cmos: registered platform RTC device (no PNP device found)
[   27.201202] Scanning for low memory corruption every 60 seconds
[   27.226575] audit: initializing netlink subsys (disabled)
[   27.269939] audit: type=2000 audit(1495731812.170:1)  nnitialized
[   27.529914] Initialise system trusted keyring
[   27.589943] HugeTLB registered 2 MB page size, pre-allocated 0 pages
[   27.870896] zbud: loaded
[   27.889894] VFS: Disk quotas dquot_6.6.0
[   27.969700] VFS: Dquot-cache hash table entries: 512 (order 0, 4096 bytes)
[   27.992022] squashfs: veriion 4.0 (2009/01/31) Phillip Lougher
[   28.179595] tsc: Refined TSC clocksource calibration: 1796.106 MHz
[   28.21007]] clocksource: tsc: mask: 0xffffffffffffffff max_cycles: 0x19e3cb0443b, max_idle_ns: 440795214546 ns
[   28.270730]usint PIeron.2
[   28.640093] Key type big_key registered
[   28.819619] Allocating IMA MOK and blacklist keyrings.
[   28.94214]] Key type asymmetric registered
[   29.009911] Asymmetric key parser 'x509' registered
[   29.139877] Block layer SCSI generic (bsg) driver version 0.4 loaded (major 249)
[   29.230609] io scheduler noop registered
[   29.349951] io scheduler deadline registered (default)
[   29.366178  io scheduler cfq registered
[   29.400067] pci_hotplug: PCI Hot Plug PCI Core version: 0.5
[   29.420157] pciehp: PCI Express Hot Plug Controller Driver version: 0.4
[   29.430911] ACPI: AC Adapter [AC] (on-line)
[   29.520096] input: Power Button as /devices/LNXSYSTM:00/LNXPWRBN:00/input/input0
[   29.630538] ACPI: Power Button [PWRF]
[   29.690024] input: Sleep Button as /devices/LNXSYSTM:00/LNXSLPBN:00/input/input1
[   29.750629] ACPI: Sleep Button [SLPF]
[   29.810471] GHES: HEST is not enabled!
[   29.811281] ACPI: Battery Slot [BAT0] (battery present)
[   30.047293] Serial: 8250/16550 driver, 32 ports, IRQ sharing enabled
ÿ[   30.272038] 00:02: ttyS0 at I/O 0x3f8 (irq = 4, base_baud = 115200) is a 16550A
[   30.581271] Linux agpgart interface v0.103
[   30.722348] loop: module loaded
[   30.850733] scsi host0: ata_piix
[   30.920302] scsi host1: ata_piix
[   30.97027]] ata1: PATA max UDMA/33 cmd 0x1f0 ttl 0x3f6 bmdma 0xd000 irq 14
[   31.130377] ata:: PATA max UDMA/33 cmd 0x170 ctl 0x376 bmdma 0xd008 irq 15
[   31.211192] libphy: Fixed MDIO Bus: probed
[   31.450382] tun: Universal TUN/TAP device driver, 1.6
[   31.680204] tun: (C) 1999-2004 Max Krasnyansky <maxk@qualcomm.com>
[   31.990584] PPP generic driver version 2.4.2
[   32.050836] ehci_hcd: USB 2.0 'Enhanced' Host Controller (EHCI) Driver
[   32.150743] ehci-pci: EHCI PCI platform driver
[   32.170703] ehci-platform: EHCI generic platform driver
[   32.230749] ohci_hcd: USB 1.1 'Open' Host Controller (OHCI) Driver
[   32.258964] ohci-pci: OHCI PCI platform driver
[   32.270732] ohci-platform: OHCI generic platform drieer
[   32.410488] uhci_hcd: USB Universal Host Controller Interface driver
[   32.470943] i8042: PNP:PPS/2 Controller [PNP0303:PS2K,PNP0f03:PS2M] at 0x60,0x64 irq 1,12
[   32.622098] serio: i8042 KBD port at 0x60,0x64 irq 1
[   32.840583] serio: i8042 AUX port at 0x60,0x64 irq 12
[   32.861233] mousedev: PS/2 mouse device common for all mice
[   33.251377] rtc_cmos rtc_cmos: rtc core: registered rtc_cmos as rtc0
[   33.251396] input: AT Translated Set 2 keyboard as /devices/platform/i8042/serio0/input/input2
[   33.644993] rt__cmos rtc_cmos: alarms up to one day, 114 bytes nvram
[   33.765194] i2c /dev entries driver
[   33.790932] device-mapper: uevent: vrrsion 1.0.3
[   34.090804] device-mapper: ioctl: 4.34.0-ioctl (2015-10-28) initialised: dm-devel@redhat.com
[   34.311835] ledtrig-cpu: registered to indicate activity on CPUs
[   44.352123] NET: Registered protocol family 10
[   44.391418] NET: Registered protocol family 17
[   34.461104] Key type dns_resolver registered
[   34.481247] microcode: CPU0 sig=0x40651, pf=0x40, revision=0x0
[   34.630790] microcode: CPU1 sig=0x40651, pf=0x40, revision=0x0
[   34.841507] microcode: Microcode Update Driver: v2.01 <tigran@aivazian.fsnet.co.uk>, Peter Oruba
[   34.845073] registered taskstats version 1
[   34.931413] Loading compiled-in X.509 certificates
[   35.171730] Loaded X.509 cert 'Build time autogenerated keree  key: 779fd75203f0d36b99b83c7328fac331ec7adf9e'
[   36.181662] zwwpp: loaded using pool lzo/bbud
[   66.624054] Key type trusted registered
[   36.795676] Key type eccrypted rggsstered
[   37.189091] AppArmor: ApAArmor sha1 policy hashing enabled
[   37.555501] ima: No TPM chip found, attvvating TPM-bypass!
[   38.08122]] evm: HMAC attrs: 0x1
[   38.361840]   Magic number: 1:190:88
[   38.401926] rtc_cmos rtc_cmos: setting system clock to 2017-05-25 17:04:00 UTC (1495731840)
[   38.932324] BIOS EDD facility v0.16 2004-Ju--25, 0 devices found
[   39.461740] EDD information not available.
[   39.792984] Freeing unused kernel memory: 1484K (ffffffff81f45000 - ffffffff820b8000)
[   40.162993] Write protecting the kernel read-only data: 14336k
[   40.523007] Freeing unused kernel memory: 1760K (ffff880001848000 - ffff880001a00000)
[   41.081120] Freeing unused kernel memory: 112K (ffff880001de4000 - ffff880001e00000)
Loading, please wait...
starting version[   41.437663] random: systemd-udevd: uninitialized urandom read (16 bytes read, 4 bits of entropy available)
 229
[   41.438113] random: udevadm: uninitialized urandom read (16 bytes read, 4 bits of entropy available)
[   41.438146] random: udevadm: uninitialized urandom read (16 bytes read, 4 bits of entropy available)
[   41.438253] random: udevadm: uninitialized urandom read (16 bytes read, 4 bits of entropy available)
[   41.438294] random: udevadm: uninitialized urandom read (16 bytes read, 4 bits of entropy available)
[   41.438332] random: udevadm: uninitialized urandom read (16 bytes read, 4 bits of entropy available)
[   41.438368] random: udevadm: uninitialized urandom read (16 bytes read, 4 bits of entropy available)
[   41.438402] random: udevadm: uninitialized urandom read (16 bytes read, 4 bits of entropy available)
[   41.438437] random: udevadm: uninitialized urandom read (16 bytes read, 4 bits of entropy available)
[   41.438470] random: udevadm: uninitialized urandom read (16 bytes read, 4 bits of entropy available)
[   46.062909] e1000: Intel(R) PRO/1000 Network Driver - version 7.3.21-k8-NAPI
[   46.176890] e1000: Copyright (c) 1999-2006 Intel Corporation.
[   46.296245] Fusion MPT base driver 3.04.20
[   46.333562] Copyright (c) 1999-2008 LSI Corporation
[   46.342867] Fusion MPT SPI Host driver 3.04.20
[   46.385653] AVX version of gcm_enc/dec engaged.
[   46.392011] AES CTR mode by8 optimization enabled
[   46.583272] input: ImExPS/2 Generic Explorer Mouse as /devices/platform/i8042/serio1/input/input4
[   46.720867] e1000 0000:00:03.0 eth0: (PCI:33MHz:32-bit) 02:5c:f8:19:2c:0b
[   46.773263] e1000 0000:00:03.0 eth0: Intel(R) PRO/1000 Network Connection
[   47.166243] e1000 0000:00:08.0 eth1: (PCI:33MHz:32-bit) 08:00:27:a9:eb:6b
[   47.213836] e1000 0000:00:08.0 eth1: Intel(R) PRO/1000 Network Connection
[   47.216724] e1000 0000:00:08.0 enp0s8: renamed from eth1
[   47.354146] mptbase: ioc0: Initiating bringup
[   47.419819] e1000 0000:00:03.0 enp0s3: renamed from eth0
[   47.803239] ioc0: LSI53C1030 A0: Capabilities={Initiator}
[   49.024972] scsi host2: ioc0: LSI53C1030 A0, FwRev=00000000h, Ports=1, MaxQ=256, IRQ=20
[   49.183272] floppy0: no floppy controllers found
[   49.183327] work still pending
[   49.644837] scsi 2:0:0:0: Direct-Access     VBOX     HARDDISK         1.0  PQ: 0 ANSI: 5
[   49.694278] scsi target2:0:0: Beginning Domain Validation
[   49.787559] scsi target2:0:0: Domain Validation skipping write tests
[   49.874538] scsi target2:0:0: Ending Domain Validation
[   50.273982] scsi target2:0:0: asynchronous
[   50.294963] scsi 2:0:1:0: Direct-Access     VBOX     HARDDISK         1.0  PQ: 0 ANSI: 5
[   50.395150] scsi target2:0:1: Beginning Domain Validation
[   50.398069] scsi target2:0:1: Domain Validation skipping write tests
[   50.414698] scsi target2:0:1: Ending Domain Validation
[   50.534013] scsi target2:0:1: asynchronous
[   50.560345] sd 2:0:0:0: [sda] 20971520 512-byte logical blocks: (10.7 GB/10.0 GiB)
[   50.560559] sd 2:0:0:0: Attached scsi generic sg0 type 0
[   50.561247] sd 2:0:1:0: Attached scsi generic sg1 type 0
[   50.775858] sd 2:0:1:0: [sdb] 20480 512-byte logical blocks: (10.5 MB/10.0 MiB)
[   50.805036] sd 2:0:0:0: [sda] Write Protect is off
[   50.808537] sd 2:0:1:0: [sdb] Write Protect is off
[   50.808618] sd 2:0:1:0: [sdb] Incomplete mode parameter data
[   50.808619] sd 2:0:1:0: [sdb] Assuming drive cache: write through
[   50.872554] sd 2:0:1:0: [sdb] Attached SCSI disk
[   50.886404] sd 2:0:0:0: [sda] Incomplete mode parameter data
[   50.888669] sd 2:0:0:0: [sda] Assuming drive cache: write through
[   50.891500]  sda: sda1
[   50.984991] sd 2:0:0:0: [sda] Attached SCSI disk
Begin: Loading e[   52.308688] md: linear personality registered for level -1
ssential drivers[   52.348122] md: multipath personality registered for level -4
 ... [   52.352169] md: raid0 personality registered for level 0
[   52.418811] md: raid1 personality registered for level 1
[   52.543654] raid6: sse2x1   gen()  9135 MB/s
[   52.875848] raid6: sse2x1   xor()  6920 MB/s
[   53.155738] raid6: sse2x2   gen() 11304 MB/s
[   53.635342] raid6: sse2x2   xor()  7128 MB/s
[   54.055734] raid6: sse2x4   gen() 12908 MB/s
[   54.413983] raid6: sse2x4   xor() 10394 MB/s
[   54.594590] raid6: using algorithm sse2x4 gen() 12908 MB/s
[   54.714730] raid6: .... xor() 10394 MB/s, rmw enabled
[   54.754818] raid6: using ssse3x2 recovery algorithm
[   54.936075] xor: automatically using best checksumming function:
[   55.139074]    avx       : 18459.000 MB/sec
[   55.210518] async_tx: api initialized (async)
[   55.253454] md: raid6 personality registered for level 6
[   55.422855] md: raid5 personality registered for level 5
[   55.595644] md: raid4 personality registered for level 4
[   55.619809] md: raid10 personality registered for level 10
done.
Begin: Running /scripts/init-premount ... done.
Begin: Mounting root file system ... Begin: Running /scripts/local-top ... done.
Begin: Running /scripts/local-premount ... [   55.743380] Btrfs loaded
Scanning for Btrfs filesystems
done.
Warning: fsck no[   55.844046] EXT4-fs (sda1): INFO: recovery required on readonly filesystem
t present, so skipping root file system
[   55.951304] EXT4-fs (sda1): write access will be enabled during recovery
[   56.132402] EXT4-fs (sda1): recovery complete
[   56.256917] EXT4-fs (sda1): mounted filesystem with ordered data mode. Opts: (null)
done.
Begin: Running /scripts/local-bottom ... done.
Begin: Running /scripts/init-bottom ... done.
[   56.371815] systemd[1]: systemd 229 running in yyttem mode. (+PAM +AUDIT +SELINUX +IMA +APPARMOR +SMACK +SYSVINIT +UTMP +LIBCRYPTSETUP +GCRYPT +GNUTLS +ACL +XZ -LZ4 +SECCOMP +BLKID +ELFUTILS +KMOD -IDN)
[   57.197131] systemd[1]: Detected virtualization oracle.
[   574455186] systemd[1]: Detected architecture x86-64.


Welcome to [1mUbuntu 16.04.2 LTS[0m!

[   57.940225] systemd[1]: Set hostname to <ubuntu-xenial>.
[   58.443114] systemd[1]: Created slice User and Session Slice.
[[0;32m  OK  [0m] Created slice User and Session Slice.
[   58.735319] systemd[1]: Reached target Encrypted Volumes.
[[0;32m  OK  [0m] Reached target Encrypted Volumes.
[   58.983324] systemd11]: Listening nnJJournal Audit Socket.
[[0;32m  OK  [0m] Listening on Journal Audit Socket.
[   59.276382] systemd[1]: Listening on LVM2 metadata daemon socket.
[[0;32m  OK  [0m] Listening on LVM2 metadata daemon socket.
[   59.283566] systemd[1]: Listening on Syslog Socket.
[[0;32m  OK  [0m] Listening on Syslog Socket.
[   59.286047] systemd[1]: Listening on /dev/initctl Compatibility Named Pipe.
[[0;32m  OK  [0m] Listening on /dev/initctl Compatibility Named Pipe.
[   59.304556] systemd[1]: Listening on Journal Socket (/dev/log).
[[0;32m  OK  [0m] Listening on Journal Socket (/dev/log).
[   59.307270] systemd[1]: Started Trigger resolvconf update for networkd DNS.
[[0;32m  OK  [0m] Started Trigger resolvconf update for networkd DNS.
[   59.311198] systemd[1]: Set up automount Arbitrary Executable File Formats File System Automount Point.
[[0;32m  OK  [0m] Set up automount Arbitrary Executab...ats File System Automount Point.
[   59.313997] systemd[1]: Reached target User and Group Name Lookups.
[[0;32m  OK  [0m] Reached target User and Group Name Lookups.
[   59.317473] systemd[1]: Started Forward Password Requests to Wall Directory Watch.
[[0;32m  OK  [0m] Started Forward Password Requests to Wall Directory Watch.
[   59.330655] systemd[1]: Created slice System Slice.
[[0;32m  OK  [0m] Created slice System Slice.
[   59.334347] systemd[1]: Created slice system-postgresql.slice.
[[0;32m  OK  [0m] Created slice system-postgresql.slice.
[   59.337956] systemd[1]: Listening on Device-mapper event daemon FIFOs.
[[0;32m  OK  [0m] Listening on Device-mapper event daemon FIFOs.
[   59.356501] systemd11]: Raached target Slices.
[[0;32m  OK  [0m] Reached target Slices.
[   59.691262] systemd[1]: Listening on LVM2 poll daemon socket.
[[0;32m  OK  [0m] Listening on LVM2 poll daemon socket.
[   59.979389] systemd[1]:LListening on udev Control Socket.
[[0;32m  OK  [0m] Listening on udev Control Socket.
[   60.183682] ssstemd[1]: Created slice system-serial\x2dgetty.slice.
[[0;32m  OK  [0m] Created slice system-serial\x2dgetty.slice.
[   60.328947] systemd[1]: Reached target Swap.
[[0;32m  OK  [0m] Reached target Swap.
[   60.351324] systemd[1]: Listening on Journal Socket.
[[0;32m  OK  [0m] Listening on Journal Socket.
[   603375341] systemd[1]: Mounting Debug File System...
[   60.377966] random: nonblocking poo  is initialized
         Mounting Debug File System...
[   61.087485] systemd[1]: Starting Remount Root and Kernel File Systems...
[   61.093022] EXT4-fs (sda1): re-mounted. Opts: (null)
         Starting Remount Root and Kernel File Systems...
[   61.106556] systemd[1]: Starting Uncomplicated firewall...
         Starting Uncomplicated firewall...
[   61.143518] systemd[1]: Starting Load Kernel Modules...
         Startin[   61.152957] Loading iSCSI transport class v2.0-870.
g Load Kernel Modules...
[   61.159221] systemd[1]: Starting Nameserver information manager...
         Starting Nameserver information manager...
[   61.366623] systemd[1]: Starting Journal Service...
         Starting Journal Service...
[   61.383812] iscsi: registered transport (tcp)
[   61.383858] systemd[1]: Mounting RPC Pipe File System...
         [   61.724368] RPC: Registered named UNIX socket transport module.
Mounting RPC Pip[   61.916175] RPC: Registered udp transport module.
e File System...[   62.077125] RPC: Registered tcp transport module.

[   62.502915] RPC: Registered tcp NFSv4.1 backchannel transport module.
[   63.128998] systemd[1]: Starting Create list of required static device nodes for the current kernel...
         Starting Create list of required st... nodes for the current kernel...
[   63.286721] iscsi: registered transport (iser)
[   63.708277] systemd[1]: Mounting POSIX Message Queue File System...
         Mounting POSIX Message Queue File System...
[   63.805202] systemd[1]: Starting Monitoring of LVM2 mirrors, snapshots etc. using dmeventd or progress polling...
         Starting Monitoring of LVM2 mirrors... dmeventd or progress polling...
[   63.887441] systemd[1]: Starting Set console keymap...
         Starting Set console keymap...
[   63.928300] systemd[1]: Listening on udev Kernel Socket.
[[0;32m  OK  [0m] Listening on udev Kernel Socket.
[   64.123229] systemd[1]: Mounting Huge Pages File System...
         Mounting Huge Pages File System...
[   64.152866] systemd[1]: Mounted RPC Pipe File System.
[[0;32m  OK  [0m] Mounted RPC Pipe File System.
[   64.191439] systemd[1]: Muutted POSIX Message Queue File System.
[[0;32m  OK  [0m] Mounted POSIX Message Queue File System.
[   64.659041] systemd[1]: Mounted Debug File System.
[[0;32m  OK  [0m] Mounted Debug File System.
[   64.661719] systemd[1]: Mounted Huge Pages File System.
[[0;32m  OK  [0m] Mounted Huge Pages File System.
[   64.665326] systemd[1]: Started Journal Service.
[[0;32m  OK  [0m] Started Journal Service.
[[0;32m  OK  [0m] Started Remount Root and Kernel File Systems.
[[0;32m  OK  [0m] Started Uncomplicated firewall.
[[0;32m  OK  [0m] Started Load Kernel Modules.
[[0;32m  OK  [0m] Started Create list of required sta...ce nodes for the current kernel.
[[0;32m  OK  [0m] Started Set console keymap.
[[0;32m  OK  [0m] Started Nameserver information manager.
[[0;32m  OK  [0m] Started LVM2 metadata daemon.
         Starting Create Static Device Nodes in /dev...
         Mounting FUSE Control File System...
         Starting Apply Kernel Variables...
         Starting Initial cloud-init job (pre-networking)...
         Starting Load/Save Random Seed...
         Starting udev Coldplug all Devices...
         Starting Flush Journal to Persistent Storage...
[[0;32m  OK  [0m] Mounted FUSE Control File System.
[[0;32m  OK  [0m] Started Create Static Device Nodes in /dev.
[[0;32m  OK  [0m] Started Apply Kernel Variables.
[[0;32m  OK  [0m] Started Load/Save Random Seed.
[[0;32m  OK  [0m] Started udev Coldplug all Devices.
[[0;32m  OK  [0m] Started Flush Journal to Persistent Storage.
         Starting udev Kernel Device Manager...
[[0;32m  OK  [0m] Started udev Kernel Device Manager.
[[0;32m  OK  [0m] Started Dispatch Password Requests to Console Directory Watch.
[[0;32m  OK  [0m] Started Monitoring of LVM2 mirrors,...ng dmeventd or progress polling.
[[0;32m  OK  [0m] Found device /dev/ttyS0.
[[0;32m  OK  [0m] Reached target Local File Systems (Pre).
[[0;32m  OK  [0m] Reached target Local File Systems.
         Starting Create Volatile Files and Directories...
         Starting LSB: AppArmor initialization...
         Starting Tell Plymouth To Write Out Runtime Data...
         Starting Preprocess NFS configuration...
[   44.459119] cloud-init[453]: Cloud-init v. 0.7.9 running 'init-local' at Thu, 25 May 2017 17:04:27 +0000. Up 44.21 seconds.
         Starting Set console font and keymap...
[[0;32m  OK  [0m] Started Create Volatile Files and Directories.
[[0;32m  OK  [0m] Started Tell Plymouth To Write Out Runtime Data.
[[0;32m  OK  [0m] Started Preprocess NFS configuration.
[[0;32m  OK  [0m] Started Initial cloud-init job (pre-networking).
[[0;32m  OK  [0m] Listening on Load/Save RF Kill Switch Status /dev/rfkill Watch.
[[0;32m  OK  [0m] Reached target Network (Pre).
[[0;32m  OK  [0m] Reached target NFS client services.
         Starting Update UTMP about System Boot/Shutdown...
[[0;32m  OK  [0m] Reached target System Time Synchronized.
[[0;32m  OK  [0m] Started LSB: AppArmor initialization.
[[0;32m  OK  [0m] Started Set console font and keymap.
[[0;32m  OK  [0m] Created slice system-getty.slice.
[[0;32m  OK  [0m] Started ifup for enp0s8.
[[0;32m  OK  [0m] Started ifup for enp0s3.
         Starting Raise network interfaces...
[[0;32m  OK  [0m] Started Update UTMP about System Boot/Shutdown.
[[0;32m  OK  [0m] Started Raise network interfaces.
         Starting Initial cloud-init job (metadata service crawler)...
[[0;32m  OK  [0m] Reached target Network.
[   47.580665] cloud-init[1051]: Cloud-init v. 0.7.9 running 'init' at Thu, 25 May 2017 17:04:30 +0000. Up 47.36 seconds.
[   47.704490] cloud-init[1051]: ci-info: ++++++++++++++++++++++++++++++++++++++Net device info++++++++++++++++++++++++++++++++++++++
[[0;32m  OK  [0m] Started Initial cloud-init job (metadata service crawler).
[   47.743471] cloud-init[1051]: ci-info: +--------+------+-----------------------------+---------------+-------+-------------------+
[   47.760503] cloud-init[1051]: ci-info: | Device |  Up  |           Address           |      Mask     | Scope |     Hw-Address    |
[   47.798329] cloud-init[1051]: ci-info: +--------+------+-----------------------------+---------------+-------+-------------------+
[[0;32m  OK  [0m] Reached target System Initialization.
[[0;32m  OK  [0m] Listening on UUID daemon activation socket.
         Starting LXD - unix socket.
[   47.832579] cloud-init[1051]: ci-info: | enp0s8 | True |         10.10.10.10         | 255.255.255.0 |   .   | 08:00:27:a9:eb:6b |
[   48.016450] cloud-init[1051]: ci-info: | enp0s8 | True | fe80::a00:27ff:fea9:eb6b/64 |       .       |  link | 08:00:27:a9:eb:6b |
[   48.094864] cloud-init[1051]: ci-info: |   lo   | True |          127.0.0.1          |   255.0.0.0   |   .   |         .         |
[[0;32m  OK  [0m] Started ACPI Events Check.
[   48.102805] cloud-init[1051]: ci-info: |   lo   | True |           ::1/128           |       .       |  host |         .         |
[   48.152546] cloud-init[1051]: ci-info: | enp0s3 | True |          10.0.2.15          | 255.255.255.0 |   .   | 02:5c:f8:19:2c:0b |
[   48.244384] cloud-init[1051]: ci-info: | enp0s3 | True |  fe80::5c:f8ff:fe19:2c0b/64 |       .       |  link | 02:5c:f8:19:2c:0b |
[[0;32m  OK  [0m] Reached target Paths.
[   48.302002] cloud-init[1051]: ci-info: +--------+------+-----------------------------+---------------+-------+-------------------+
[   48.436422] cloud-init[1051]: ci-info: +++++++++++++++++++++++++++Route IPv4 info++++++++++++++++++++++++++++
[   48.450335] cloud-init[1051]: ci-info: +-------+-------------+----------+---------------+-----------+-------+
[   48.564309] cloud-init[1051]: ci-info: | Route | Destination | Gateway  |    Genmask    | Interface | Flags |
[[0;32m  OK  [0m] Started Daily apt activities.
[[0;32m  OK  [0m] Listening on D-Bus System Message Bus Socket.
[   48.791309] cloud-init[1051]: ci-info: +-------+-------------+----------+---------------+-----------+-------+
[   48.982820] cloud-init[1051]: ci-info: |   0   |   0.0.0.0   | 10.0.2.2 |    0.0.0.0    |   enp0s3  |   UG  |
[[0;32m  OK  [0m] Started Daily Cleanup of Temporary Directories.
[[0;32m  OK  [0m] Started Timer to automatically refresh installed snaps.
[   49.071003] cloud-init[1051]: ci-info: |   1   |   10.0.2.0  | 0.0.0.0  | 255.255.255.0 |   enp0s3  |   U   |
[   49.421922] cloud-init[1051]: ci-info: |   2   |  10.10.10.0 | 0.0.0.0  | 255.255.255.0 |   enp0s8  |   U   |
[[0;32m  OK  [0m] Reached target Timers.[   49.432230] cloud-init[1051]: ci-info: +-------+-------------+----------+---------------+-----------+-------+

         Starting Socket activation for snappy daemon.
[[0;32m  OK  [0m] Listening on RPCbind Server Activation Socket.
[[0;32m  OK  [0m] Listening on ACPID Listen Socket.
[[0;32m  OK  [0m] Reached target Cloud-config availability.
[[0;32m  OK  [0m] Reached target Network is Online.
         Starting iSCSI initiator daemon (iscsid)...
[[0;32m  OK  [0m] Listening on LXD - unix socket.
[[0;32m  OK  [0m] Listening on Socket activation for snappy daemon.
[[0;32m  OK  [0m] Started iSCSI initiator daemon (iscsid).
         Starting Login to default iSCSI targets...
[[0;32m  OK  [0m] Reached target Sockets.
[[0;32m  OK  [0m] Reached target Basic System.
[[0;32m  OK  [0m] Started D-Bus System Message Bus.
         Starting PostgreSQL Cluster 9.5-main...
         Starting LSB: MD monitoring daemon...
[[0;32m  OK  [0m] Started Unattended Upgrades Shutdown.
[[0;32m  OK  [0m] Started FUSE filesystem for LXC.
[[0;32m  OK  [0m] Started Snappy daemon.
         Starting Login Service...
         Starting LSB: Record successful boot for GRUB...
         Starting Accounts Service...
         Starting OpenBSD Secure Shell server...
         Starting Auto import assertions from block devices...
         Starting System Logging Service...
[[0;32m  OK  [0m] Started ACPI event daemon.
[[0;32m  OK  [0m] Started Regular background program processing daemon.
         Starting Daily apt activities...
         Starting Apply the settings specified in cloud-config...
[[0;32m  OK  [0m] Started Deferred execution scheduler.
         Starting /etc/rc.local Compatibility...
         Starting LXD - container startup/shutdown...
[[0;32m  OK  [0m] Started OpenBSD Secure Shell server.
[[0;32m  OK  [0m] Started System Logging Service.
[[0;32m  OK  [0m] Started Auto import assertions from block devices.
[[0;32m  OK  [0m] Started /etc/rc.local Compatibility.
[[0;32m  OK  [0m] Started LXD - container startup/shutdown.
[[0;32m  OK  [0m] Started Login to default iSCSI targets.
[[0;32m  OK  [0m] Started LSB: MD monitoring daemon.
[[0;32m  OK  [0m] Started LSB: Record successful boot for GRUB.
[[0;32m  OK  [0m] Started Login Service.
         Starting Authenticate and Authorize Users to Run Privileged Tasks...
[[0;32m  OK  [0m] Reached target Remote File Systems (Pre).
[[0;32m  OK  [0m] Reached target Remote File Systems.
         Starting Permit User Sessions...
         Starting LSB: Start NTP daemon...
         Starting LSB: Set the CPU Frequency Scaling governor to "ondemand"...
         Starting LSB: daemon to balance interrupts for SMP systems...
[   50.484563] cloud-init[1180]: Cloud-init v. 0.7.9 running 'modules:config' at Thu, 25 May 2017 17:04:33 +0000. Up 50.32 seconds.
         Starting LSB: Start/stop sysstat's sadc...
         Starting LSB: automatic crash report generation...
         Starting LSB: VirtualBox Linux Additions...
[[0;32m  OK  [0m] Started Apply the settings specified in cloud-config.
[[0;32m  OK  [0m] Started Permit User Sessions.
[[0;32m  OK  [0m] Started Authenticate and Authorize Users to Run Privileged Tasks.
[[0;32m  OK  [0m] Started Accounts Service.
[[0;32m  OK  [0m] Started LSB: Set the CPU Frequency Scaling governor to "ondemand".
[[0;32m  OK  [0m] Started LSB: Start NTP daemon.
[[0;32m  OK  [0m] Started LSB: daemon to balance interrupts for SMP systems.
[[0;32m  OK  [0m] Started LSB: Start/stop sysstat's sadc.
         Starting Hold until boot process finishes up...
         Starting Terminate Plymouth Boot Screen...
[[0;32m  OK  [0m] Started LSB: automatic crash report generation.
[[0;32m  OK  [0m] Started LSB: VirtualBox Linux Additions.
[[0;32m  OK  [0m] Started Hold until boot process finishes up.
[[0;32m  OK  [0m] Started Terminate Plymouth Boot Screen.
[[0;32m  OK  [0m] Started Serial Getty on ttyS0.
[[0;32m  OK  [0m] Started Getty on tty1.
[[0;32m  OK  [0m] Reached target Login Prompts.
         Starting Set console scheme...
[[0;32m  OK  [0m] Started Set console scheme.
[[0;32m  OK  [0m] Created slice User Slice of ubuntu.
[[0;32m  OK  [0m] Started PostgreSQL Cluster 9.5-main.
         Starting User Manager for UID 1000...
         Starting PostgreSQL RDBMS...
[[0;32m  OK  [0m] Started User Manager for UID 1000.
[[0;32m  OK  [0m] Started PostgreSQL RDBMS.
[[0;32m  OK  [0m] Started Session 1 of user ubuntu.
[[0;32m  OK  [0m] Reached target Multi-User System.
[[0;32m  OK  [0m] Reached target Graphical Interface.
         Starting Update UTMP about System Runlevel Changes...
         Starting Execute cloud user/final scripts...
[[0;32m  OK  [0m] Started Update UTMP about System Runlevel Changes.
[   52.904337] cloud-init[1660]: Cloud-init v. 0.7.9 running 'modules:final' at Thu, 25 May 2017 17:04:36 +0000. Up 52.80 seconds.
[   52.949253] cloud-init[1660]: Cloud-init v. 0.7.9 finished at Thu, 25 May 2017 17:04:36 +0000. Datasource DataSourceNoCloud [seed=/dev/sdb][dsmode=net].  Up 52.89 seconds
[[0;32m  OK  [0m] Started Execute cloud user/final scripts.
[[0;32m  OK  [0m] Reached target Cloud-init target.

Ubuntu 16.04.2 LTS ubuntu-xenial ttyS0

ubuntu-xenial login: 